<?xml version="1.0" encoding="UTF-8"?>
<testng-results ignored="0" total="2" passed="2" failed="0" skipped="0">
  <reporter-output>
  </reporter-output>
  <suite started-at="2026-04-08T12:43:10 IST" name="Suite1" finished-at="2026-04-08T12:43:20 IST" duration-ms="10664">
    <groups>
    </groups>
    <test started-at="2026-04-08T12:43:10 IST" name="Error validation" finished-at="2026-04-08T12:43:17 IST" duration-ms="7468">
      <class name="lovelyPrasadOrg.tests.ErrorValidationTest">
        <test-method is-config="true" signature="setup()[pri:0, instance:lovelyPrasadOrg.tests.ErrorValidationTest@3012646b]" started-at="2026-04-08T12:43:10 IST" name="setup" finished-at="2026-04-08T12:43:16 IST" duration-ms="6371" status="PASS">
          <reporter-output>
          </reporter-output>
        </test-method> <!-- setup -->
        <test-method signature="verifyErrorMessage()[pri:0, instance:lovelyPrasadOrg.tests.ErrorValidationTest@3012646b]" started-at="2026-04-08T12:43:16 IST" name="verifyErrorMessage" finished-at="2026-04-08T12:43:17 IST" duration-ms="761" status="PASS">
          <reporter-output>
          </reporter-output>
        </test-method> <!-- verifyErrorMessage -->
        <test-method is-config="true" signature="tearDown()[pri:0, instance:lovelyPrasadOrg.tests.ErrorValidationTest@3012646b]" started-at="2026-04-08T12:43:17 IST" name="tearDown" finished-at="2026-04-08T12:43:17 IST" duration-ms="296" status="PASS">
          <reporter-output>
          </reporter-output>
        </test-method> <!-- tearDown -->
      </class> <!-- lovelyPrasadOrg.tests.ErrorValidationTest -->
    </test> <!-- Error validation -->
    <test started-at="2026-04-08T12:43:10 IST" name="Shopping" finished-at="2026-04-08T12:43:20 IST" duration-ms="10663">
      <class name="lovelyPrasadOrg.tests.LetsShopTest">
        <test-method is-config="true" signature="setup()[pri:0, instance:lovelyPrasadOrg.tests.LetsShopTest@78e4deb0]" started-at="2026-04-08T12:43:10 IST" name="setup" finished-at="2026-04-08T12:43:15 IST" duration-ms="5557" status="PASS">
          <reporter-output>
          </reporter-output>
        </test-method> <!-- setup -->
        <test-method signature="submitOrder()[pri:0, instance:lovelyPrasadOrg.tests.LetsShopTest@78e4deb0]" started-at="2026-04-08T12:43:15 IST" name="submitOrder" finished-at="2026-04-08T12:43:20 IST" duration-ms="4816" status="PASS">
          <reporter-output>
          </reporter-output>
        </test-method> <!-- submitOrder -->
        <test-method is-config="true" signature="tearDown()[pri:0, instance:lovelyPrasadOrg.tests.LetsShopTest@78e4deb0]" started-at="2026-04-08T12:43:20 IST" name="tearDown" finished-at="2026-04-08T12:43:20 IST" duration-ms="254" status="PASS">
          <reporter-output>
          </reporter-output>
        </test-method> <!-- tearDown -->
      </class> <!-- lovelyPrasadOrg.tests.LetsShopTest -->
    </test> <!-- Shopping -->
  </suite> <!-- Suite1 -->
</testng-results>
