<?xml version="1.0" encoding="UTF-8"?>
<testng-results ignored="0" total="2" passed="2" failed="0" skipped="0">
  <reporter-output>
  </reporter-output>
  <suite started-at="2026-04-10T13:39:07 IST" name="Suite1" finished-at="2026-04-10T13:39:24 IST" duration-ms="17002">
    <groups>
    </groups>
    <test started-at="2026-04-10T13:39:07 IST" name="Error validation" finished-at="2026-04-10T13:39:22 IST" duration-ms="14806">
      <class name="lovelyPrasadOrg.tests.ErrorValidationTest">
        <test-method is-config="true" signature="setup()[pri:0, instance:lovelyPrasadOrg.tests.ErrorValidationTest@2ddc9a9f]" started-at="2026-04-10T13:39:07 IST" name="setup" finished-at="2026-04-10T13:39:17 IST" duration-ms="9577" status="PASS">
          <reporter-output>
          </reporter-output>
        </test-method> <!-- setup -->
        <test-method signature="verifyErrorMessage()[pri:0, instance:lovelyPrasadOrg.tests.ErrorValidationTest@2ddc9a9f]" started-at="2026-04-10T13:39:17 IST" name="verifyErrorMessage" finished-at="2026-04-10T13:39:18 IST" duration-ms="1270" status="PASS">
          <reporter-output>
          </reporter-output>
        </test-method> <!-- verifyErrorMessage -->
        <test-method is-config="true" signature="tearDown()[pri:0, instance:lovelyPrasadOrg.tests.ErrorValidationTest@2ddc9a9f]" started-at="2026-04-10T13:39:18 IST" name="tearDown" finished-at="2026-04-10T13:39:22 IST" duration-ms="3655" status="PASS">
          <reporter-output>
          </reporter-output>
        </test-method> <!-- tearDown -->
      </class> <!-- lovelyPrasadOrg.tests.ErrorValidationTest -->
    </test> <!-- Error validation -->
    <test started-at="2026-04-10T13:39:07 IST" name="Shopping" finished-at="2026-04-10T13:39:24 IST" duration-ms="17002">
      <class name="lovelyPrasadOrg.tests.LetsShopTest">
        <test-method is-config="true" signature="setup()[pri:0, instance:lovelyPrasadOrg.tests.LetsShopTest@4be29ed9]" started-at="2026-04-10T13:39:07 IST" name="setup" finished-at="2026-04-10T13:39:17 IST" duration-ms="9443" status="PASS">
          <reporter-output>
          </reporter-output>
        </test-method> <!-- setup -->
        <test-method signature="submitOrder()[pri:0, instance:lovelyPrasadOrg.tests.LetsShopTest@4be29ed9]" started-at="2026-04-10T13:39:17 IST" name="submitOrder" finished-at="2026-04-10T13:39:23 IST" duration-ms="6374" status="PASS">
          <reporter-output>
          </reporter-output>
        </test-method> <!-- submitOrder -->
        <test-method is-config="true" signature="tearDown()[pri:0, instance:lovelyPrasadOrg.tests.LetsShopTest@4be29ed9]" started-at="2026-04-10T13:39:23 IST" name="tearDown" finished-at="2026-04-10T13:39:24 IST" duration-ms="737" status="PASS">
          <reporter-output>
          </reporter-output>
        </test-method> <!-- tearDown -->
      </class> <!-- lovelyPrasadOrg.tests.LetsShopTest -->
    </test> <!-- Shopping -->
  </suite> <!-- Suite1 -->
</testng-results>
